
*** Running vivado
    with args -log instr_mem.vds -m64 -mode batch -messageDb vivado.pb -notrace -source instr_mem.tcl

WARNING: Default location for XILINX_VIVADO_HLS not found: 

****** Vivado v2015.2 (64-bit)
  **** SW Build 1266856 on Fri Jun 26 16:35:25 MDT 2015
  **** IP Build 1264090 on Wed Jun 24 14:22:01 MDT 2015
    ** Copyright 1986-2015 Xilinx, Inc. All Rights Reserved.

source instr_mem.tcl -notrace
INFO: [IP_Flow 19-234] Refreshing IP repositories
INFO: [IP_Flow 19-1704] No user IP repositories specified
INFO: [IP_Flow 19-2313] Loaded Vivado IP repository 'C:/Xilinx/Vivado/2015.2/data/ip'.
WARNING: [IP_Flow 19-3664] IP 'instr_mem' generated file not found 'c:/Users/leclair.m.NUNET/Downloads/lab7completed/lab7completed/lab7completed.srcs/sources_1/ip/instr_mem/instr_mem.dcp'. Please regenerate to continue.
WARNING: [IP_Flow 19-3664] IP 'instr_mem' generated file not found 'c:/Users/leclair.m.NUNET/Downloads/lab7completed/lab7completed/lab7completed.srcs/sources_1/ip/instr_mem/instr_mem_stub.v'. Please regenerate to continue.
WARNING: [IP_Flow 19-3664] IP 'instr_mem' generated file not found 'c:/Users/leclair.m.NUNET/Downloads/lab7completed/lab7completed/lab7completed.srcs/sources_1/ip/instr_mem/instr_mem_stub.vhdl'. Please regenerate to continue.
WARNING: [IP_Flow 19-3664] IP 'instr_mem' generated file not found 'c:/Users/leclair.m.NUNET/Downloads/lab7completed/lab7completed/lab7completed.srcs/sources_1/ip/instr_mem/instr_mem_funcsim.v'. Please regenerate to continue.
WARNING: [IP_Flow 19-3664] IP 'instr_mem' generated file not found 'c:/Users/leclair.m.NUNET/Downloads/lab7completed/lab7completed/lab7completed.srcs/sources_1/ip/instr_mem/instr_mem_funcsim.vhdl'. Please regenerate to continue.
Command: synth_design -top instr_mem -part xc7z020clg484-1 -mode out_of_context
Starting synth_design
Attempting to get a license for feature 'Synthesis' and/or device 'xc7z020'
INFO: [Common 17-349] Got license for feature 'Synthesis' and/or device 'xc7z020'
---------------------------------------------------------------------------------
Starting RTL Elaboration : Time (s): cpu = 00:00:04 ; elapsed = 00:00:05 . Memory (MB): peak = 275.473 ; gain = 94.086
---------------------------------------------------------------------------------
INFO: [Synth 8-638] synthesizing module 'instr_mem' [c:/Users/leclair.m.NUNET/Downloads/lab7completed/lab7completed/lab7completed.srcs/sources_1/ip/instr_mem/synth/instr_mem.vhd:66]
	Parameter C_FAMILY bound to: zynq - type: string 
	Parameter C_ADDR_WIDTH bound to: 8 - type: integer 
	Parameter C_DEFAULT_DATA bound to: 0 - type: string 
	Parameter C_DEPTH bound to: 256 - type: integer 
	Parameter C_HAS_CLK bound to: 0 - type: integer 
	Parameter C_HAS_D bound to: 0 - type: integer 
	Parameter C_HAS_DPO bound to: 0 - type: integer 
	Parameter C_HAS_DPRA bound to: 0 - type: integer 
	Parameter C_HAS_I_CE bound to: 0 - type: integer 
	Parameter C_HAS_QDPO bound to: 0 - type: integer 
	Parameter C_HAS_QDPO_CE bound to: 0 - type: integer 
	Parameter C_HAS_QDPO_CLK bound to: 0 - type: integer 
	Parameter C_HAS_QDPO_RST bound to: 0 - type: integer 
	Parameter C_HAS_QDPO_SRST bound to: 0 - type: integer 
	Parameter C_HAS_QSPO bound to: 0 - type: integer 
	Parameter C_HAS_QSPO_CE bound to: 0 - type: integer 
	Parameter C_HAS_QSPO_RST bound to: 0 - type: integer 
	Parameter C_HAS_QSPO_SRST bound to: 0 - type: integer 
	Parameter C_HAS_SPO bound to: 1 - type: integer 
	Parameter C_HAS_WE bound to: 0 - type: integer 
	Parameter C_MEM_INIT_FILE bound to: instr_mem.mif - type: string 
	Parameter C_ELABORATION_DIR bound to: ./ - type: string 
	Parameter C_MEM_TYPE bound to: 0 - type: integer 
	Parameter C_PIPELINE_STAGES bound to: 0 - type: integer 
	Parameter C_QCE_JOINED bound to: 0 - type: integer 
	Parameter C_QUALIFY_WE bound to: 0 - type: integer 
	Parameter C_READ_MIF bound to: 1 - type: integer 
	Parameter C_REG_A_D_INPUTS bound to: 0 - type: integer 
	Parameter C_REG_DPRA_INPUT bound to: 0 - type: integer 
	Parameter C_SYNC_ENABLE bound to: 1 - type: integer 
	Parameter C_WIDTH bound to: 16 - type: integer 
	Parameter C_PARSER_TYPE bound to: 1 - type: integer 
INFO: [Synth 8-3491] module 'dist_mem_gen_v8_0' declared at 'c:/Users/leclair.m.NUNET/Downloads/lab7completed/lab7completed/lab7completed.srcs/sources_1/ip/instr_mem/dist_mem_gen_v8_0/hdl/dist_mem_gen_v8_0.vhd:130' bound to instance 'U0' of component 'dist_mem_gen_v8_0' [c:/Users/leclair.m.NUNET/Downloads/lab7completed/lab7completed/lab7completed.srcs/sources_1/ip/instr_mem/synth/instr_mem.vhd:132]
INFO: [Synth 8-638] synthesizing module 'dist_mem_gen_v8_0' [c:/Users/leclair.m.NUNET/Downloads/lab7completed/lab7completed/lab7completed.srcs/sources_1/ip/instr_mem/dist_mem_gen_v8_0/hdl/dist_mem_gen_v8_0.vhd:186]
	Parameter C_FAMILY bound to: zynq - type: string 
	Parameter C_ADDR_WIDTH bound to: 8 - type: integer 
	Parameter C_DEFAULT_DATA bound to: 0 - type: string 
	Parameter C_DEPTH bound to: 256 - type: integer 
	Parameter C_HAS_CLK bound to: 0 - type: integer 
	Parameter C_HAS_D bound to: 0 - type: integer 
	Parameter C_HAS_DPO bound to: 0 - type: integer 
	Parameter C_HAS_DPRA bound to: 0 - type: integer 
	Parameter C_HAS_I_CE bound to: 0 - type: integer 
	Parameter C_HAS_QDPO bound to: 0 - type: integer 
	Parameter C_HAS_QDPO_CE bound to: 0 - type: integer 
	Parameter C_HAS_QDPO_CLK bound to: 0 - type: integer 
	Parameter C_HAS_QDPO_RST bound to: 0 - type: integer 
	Parameter C_HAS_QDPO_SRST bound to: 0 - type: integer 
	Parameter C_HAS_QSPO bound to: 0 - type: integer 
	Parameter C_HAS_QSPO_CE bound to: 0 - type: integer 
	Parameter C_HAS_QSPO_RST bound to: 0 - type: integer 
	Parameter C_HAS_QSPO_SRST bound to: 0 - type: integer 
	Parameter C_HAS_SPO bound to: 1 - type: integer 
	Parameter C_HAS_WE bound to: 0 - type: integer 
	Parameter C_MEM_INIT_FILE bound to: instr_mem.mif - type: string 
	Parameter C_ELABORATION_DIR bound to: ./ - type: string 
	Parameter C_MEM_TYPE bound to: 0 - type: integer 
	Parameter C_PIPELINE_STAGES bound to: 0 - type: integer 
	Parameter C_QCE_JOINED bound to: 0 - type: integer 
	Parameter C_QUALIFY_WE bound to: 0 - type: integer 
	Parameter C_READ_MIF bound to: 1 - type: integer 
	Parameter C_REG_A_D_INPUTS bound to: 0 - type: integer 
	Parameter C_REG_DPRA_INPUT bound to: 0 - type: integer 
	Parameter C_SYNC_ENABLE bound to: 1 - type: integer 
	Parameter C_WIDTH bound to: 16 - type: integer 
	Parameter C_PARSER_TYPE bound to: 1 - type: integer 
INFO: [Synth 8-638] synthesizing module 'dist_mem_gen_v8_0_synth' [c:/Users/leclair.m.NUNET/Downloads/lab7completed/lab7completed/lab7completed.srcs/sources_1/ip/instr_mem/dist_mem_gen_v8_0/hdl/dist_mem_gen_v8_0_vhsyn_rfs.vhd:2867]
	Parameter C_FAMILY bound to: zynq - type: string 
	Parameter C_ADDR_WIDTH bound to: 8 - type: integer 
	Parameter C_DEFAULT_DATA bound to: 0 - type: string 
	Parameter C_DEPTH bound to: 256 - type: integer 
	Parameter C_HAS_CLK bound to: 0 - type: integer 
	Parameter C_HAS_D bound to: 0 - type: integer 
	Parameter C_HAS_DPO bound to: 0 - type: integer 
	Parameter C_HAS_DPRA bound to: 0 - type: integer 
	Parameter C_HAS_I_CE bound to: 0 - type: integer 
	Parameter C_HAS_QDPO bound to: 0 - type: integer 
	Parameter C_HAS_QDPO_CE bound to: 0 - type: integer 
	Parameter C_HAS_QDPO_CLK bound to: 0 - type: integer 
	Parameter C_HAS_QDPO_RST bound to: 0 - type: integer 
	Parameter C_HAS_QDPO_SRST bound to: 0 - type: integer 
	Parameter C_HAS_QSPO bound to: 0 - type: integer 
	Parameter C_HAS_QSPO_CE bound to: 0 - type: integer 
	Parameter C_HAS_QSPO_RST bound to: 0 - type: integer 
	Parameter C_HAS_QSPO_SRST bound to: 0 - type: integer 
	Parameter C_HAS_SPO bound to: 1 - type: integer 
	Parameter C_HAS_WE bound to: 0 - type: integer 
	Parameter C_MEM_INIT_FILE bound to: instr_mem.mif - type: string 
	Parameter C_ELABORATION_DIR bound to: ./ - type: string 
	Parameter C_MEM_TYPE bound to: 0 - type: integer 
	Parameter C_PIPELINE_STAGES bound to: 0 - type: integer 
	Parameter C_QCE_JOINED bound to: 0 - type: integer 
	Parameter C_QUALIFY_WE bound to: 0 - type: integer 
	Parameter C_READ_MIF bound to: 1 - type: integer 
	Parameter C_REG_A_D_INPUTS bound to: 0 - type: integer 
	Parameter C_REG_DPRA_INPUT bound to: 0 - type: integer 
	Parameter C_SYNC_ENABLE bound to: 1 - type: integer 
	Parameter C_WIDTH bound to: 16 - type: integer 
	Parameter C_PARSER_TYPE bound to: 0 - type: integer 
	Parameter c_addr_width bound to: 8 - type: integer 
	Parameter c_depth bound to: 256 - type: integer 
	Parameter c_width bound to: 16 - type: integer 
	Parameter c_default_data bound to: 0 - type: string 
	Parameter c_mem_init_file bound to: instr_mem.mif - type: string 
	Parameter c_elaboration_dir bound to: ./ - type: string 
	Parameter c_read_mif bound to: 1 - type: integer 
	Parameter c_reg_a_d_inputs bound to: 0 - type: integer 
	Parameter c_has_clk bound to: 0 - type: integer 
	Parameter c_has_qspo_ce bound to: 0 - type: integer 
	Parameter c_has_qspo_rst bound to: 0 - type: integer 
	Parameter c_has_qspo_srst bound to: 0 - type: integer 
	Parameter c_has_spo bound to: 1 - type: integer 
	Parameter c_has_qspo bound to: 0 - type: integer 
	Parameter c_sync_enable bound to: 1 - type: integer 
	Parameter c_parser_type bound to: 0 - type: integer 
INFO: [Synth 8-3491] module 'rom' declared at 'c:/Users/leclair.m.NUNET/Downloads/lab7completed/lab7completed/lab7completed.srcs/sources_1/ip/instr_mem/dist_mem_gen_v8_0/hdl/dist_mem_gen_v8_0_vhsyn_rfs.vhd:523' bound to instance 'rom_inst' of component 'rom' [c:/Users/leclair.m.NUNET/Downloads/lab7completed/lab7completed/lab7completed.srcs/sources_1/ip/instr_mem/dist_mem_gen_v8_0/hdl/dist_mem_gen_v8_0_vhsyn_rfs.vhd:2888]
INFO: [Synth 8-638] synthesizing module 'rom' [c:/Users/leclair.m.NUNET/Downloads/lab7completed/lab7completed/lab7completed.srcs/sources_1/ip/instr_mem/dist_mem_gen_v8_0/hdl/dist_mem_gen_v8_0_vhsyn_rfs.vhd:551]
	Parameter c_addr_width bound to: 8 - type: integer 
	Parameter c_depth bound to: 256 - type: integer 
	Parameter c_width bound to: 16 - type: integer 
	Parameter c_default_data bound to: 0 - type: string 
	Parameter c_mem_init_file bound to: instr_mem.mif - type: string 
	Parameter c_elaboration_dir bound to: ./ - type: string 
	Parameter c_read_mif bound to: 1 - type: integer 
	Parameter c_reg_a_d_inputs bound to: 0 - type: integer 
	Parameter c_has_clk bound to: 0 - type: integer 
	Parameter c_has_qspo_ce bound to: 0 - type: integer 
	Parameter c_has_qspo_rst bound to: 0 - type: integer 
	Parameter c_has_qspo_srst bound to: 0 - type: integer 
	Parameter c_has_spo bound to: 1 - type: integer 
	Parameter c_has_qspo bound to: 0 - type: integer 
	Parameter c_sync_enable bound to: 1 - type: integer 
	Parameter c_parser_type bound to: 0 - type: integer 
WARNING: [Synth 8-312] ignoring unsynthesizable construct: assertion statement [c:/Users/leclair.m.NUNET/Downloads/lab7completed/lab7completed/lab7completed.srcs/sources_1/ip/instr_mem/dist_mem_gen_v8_0/hdl/dist_mem_gen_v8_0_vhsyn_rfs.vhd:674]
WARNING: [Synth 8-312] ignoring unsynthesizable construct: assertion statement [c:/Users/leclair.m.NUNET/Downloads/lab7completed/lab7completed/lab7completed.srcs/sources_1/ip/instr_mem/dist_mem_gen_v8_0/hdl/dist_mem_gen_v8_0_vhsyn_rfs.vhd:678]
INFO: [Synth 8-5534] Detected attribute (* rom_style = "distributed" *) [c:/Users/leclair.m.NUNET/Downloads/lab7completed/lab7completed/lab7completed.srcs/sources_1/ip/instr_mem/dist_mem_gen_v8_0/hdl/dist_mem_gen_v8_0_vhsyn_rfs.vhd:745]
WARNING: [Synth 8-312] ignoring unsynthesizable construct: assertion statement [c:/Users/leclair.m.NUNET/Downloads/lab7completed/lab7completed/lab7completed.srcs/sources_1/ip/instr_mem/dist_mem_gen_v8_0/hdl/dist_mem_gen_v8_0_vhsyn_rfs.vhd:883]
WARNING: [Synth 8-3848] Net qspo in module/entity rom does not have driver. [c:/Users/leclair.m.NUNET/Downloads/lab7completed/lab7completed/lab7completed.srcs/sources_1/ip/instr_mem/dist_mem_gen_v8_0/hdl/dist_mem_gen_v8_0_vhsyn_rfs.vhd:548]
INFO: [Synth 8-256] done synthesizing module 'rom' (1#1) [c:/Users/leclair.m.NUNET/Downloads/lab7completed/lab7completed/lab7completed.srcs/sources_1/ip/instr_mem/dist_mem_gen_v8_0/hdl/dist_mem_gen_v8_0_vhsyn_rfs.vhd:551]
WARNING: [Synth 8-312] ignoring unsynthesizable construct: assertion statement [c:/Users/leclair.m.NUNET/Downloads/lab7completed/lab7completed/lab7completed.srcs/sources_1/ip/instr_mem/dist_mem_gen_v8_0/hdl/dist_mem_gen_v8_0_vhsyn_rfs.vhd:3054]
WARNING: [Synth 8-312] ignoring unsynthesizable construct: assertion statement [c:/Users/leclair.m.NUNET/Downloads/lab7completed/lab7completed/lab7completed.srcs/sources_1/ip/instr_mem/dist_mem_gen_v8_0/hdl/dist_mem_gen_v8_0_vhsyn_rfs.vhd:3060]
WARNING: [Synth 8-312] ignoring unsynthesizable construct: assertion statement [c:/Users/leclair.m.NUNET/Downloads/lab7completed/lab7completed/lab7completed.srcs/sources_1/ip/instr_mem/dist_mem_gen_v8_0/hdl/dist_mem_gen_v8_0_vhsyn_rfs.vhd:3065]
WARNING: [Synth 8-312] ignoring unsynthesizable construct: assertion statement [c:/Users/leclair.m.NUNET/Downloads/lab7completed/lab7completed/lab7completed.srcs/sources_1/ip/instr_mem/dist_mem_gen_v8_0/hdl/dist_mem_gen_v8_0_vhsyn_rfs.vhd:3071]
WARNING: [Synth 8-312] ignoring unsynthesizable construct: assertion statement [c:/Users/leclair.m.NUNET/Downloads/lab7completed/lab7completed/lab7completed.srcs/sources_1/ip/instr_mem/dist_mem_gen_v8_0/hdl/dist_mem_gen_v8_0_vhsyn_rfs.vhd:3077]
WARNING: [Synth 8-312] ignoring unsynthesizable construct: assertion statement [c:/Users/leclair.m.NUNET/Downloads/lab7completed/lab7completed/lab7completed.srcs/sources_1/ip/instr_mem/dist_mem_gen_v8_0/hdl/dist_mem_gen_v8_0_vhsyn_rfs.vhd:3082]
WARNING: [Synth 8-312] ignoring unsynthesizable construct: assertion statement [c:/Users/leclair.m.NUNET/Downloads/lab7completed/lab7completed/lab7completed.srcs/sources_1/ip/instr_mem/dist_mem_gen_v8_0/hdl/dist_mem_gen_v8_0_vhsyn_rfs.vhd:3087]
WARNING: [Synth 8-312] ignoring unsynthesizable construct: assertion statement [c:/Users/leclair.m.NUNET/Downloads/lab7completed/lab7completed/lab7completed.srcs/sources_1/ip/instr_mem/dist_mem_gen_v8_0/hdl/dist_mem_gen_v8_0_vhsyn_rfs.vhd:3092]
WARNING: [Synth 8-312] ignoring unsynthesizable construct: assertion statement [c:/Users/leclair.m.NUNET/Downloads/lab7completed/lab7completed/lab7completed.srcs/sources_1/ip/instr_mem/dist_mem_gen_v8_0/hdl/dist_mem_gen_v8_0_vhsyn_rfs.vhd:3100]
WARNING: [Synth 8-312] ignoring unsynthesizable construct: assertion statement [c:/Users/leclair.m.NUNET/Downloads/lab7completed/lab7completed/lab7completed.srcs/sources_1/ip/instr_mem/dist_mem_gen_v8_0/hdl/dist_mem_gen_v8_0_vhsyn_rfs.vhd:3105]
WARNING: [Synth 8-312] ignoring unsynthesizable construct: assertion statement [c:/Users/leclair.m.NUNET/Downloads/lab7completed/lab7completed/lab7completed.srcs/sources_1/ip/instr_mem/dist_mem_gen_v8_0/hdl/dist_mem_gen_v8_0_vhsyn_rfs.vhd:3113]
WARNING: [Synth 8-312] ignoring unsynthesizable construct: assertion statement [c:/Users/leclair.m.NUNET/Downloads/lab7completed/lab7completed/lab7completed.srcs/sources_1/ip/instr_mem/dist_mem_gen_v8_0/hdl/dist_mem_gen_v8_0_vhsyn_rfs.vhd:3118]
WARNING: [Synth 8-312] ignoring unsynthesizable construct: assertion statement [c:/Users/leclair.m.NUNET/Downloads/lab7completed/lab7completed/lab7completed.srcs/sources_1/ip/instr_mem/dist_mem_gen_v8_0/hdl/dist_mem_gen_v8_0_vhsyn_rfs.vhd:3126]
WARNING: [Synth 8-312] ignoring unsynthesizable construct: assertion statement [c:/Users/leclair.m.NUNET/Downloads/lab7completed/lab7completed/lab7completed.srcs/sources_1/ip/instr_mem/dist_mem_gen_v8_0/hdl/dist_mem_gen_v8_0_vhsyn_rfs.vhd:3134]
WARNING: [Synth 8-312] ignoring unsynthesizable construct: assertion statement [c:/Users/leclair.m.NUNET/Downloads/lab7completed/lab7completed/lab7completed.srcs/sources_1/ip/instr_mem/dist_mem_gen_v8_0/hdl/dist_mem_gen_v8_0_vhsyn_rfs.vhd:3142]
WARNING: [Synth 8-312] ignoring unsynthesizable construct: assertion statement [c:/Users/leclair.m.NUNET/Downloads/lab7completed/lab7completed/lab7completed.srcs/sources_1/ip/instr_mem/dist_mem_gen_v8_0/hdl/dist_mem_gen_v8_0_vhsyn_rfs.vhd:3147]
WARNING: [Synth 8-312] ignoring unsynthesizable construct: assertion statement [c:/Users/leclair.m.NUNET/Downloads/lab7completed/lab7completed/lab7completed.srcs/sources_1/ip/instr_mem/dist_mem_gen_v8_0/hdl/dist_mem_gen_v8_0_vhsyn_rfs.vhd:3152]
WARNING: [Synth 8-312] ignoring unsynthesizable construct: assertion statement [c:/Users/leclair.m.NUNET/Downloads/lab7completed/lab7completed/lab7completed.srcs/sources_1/ip/instr_mem/dist_mem_gen_v8_0/hdl/dist_mem_gen_v8_0_vhsyn_rfs.vhd:3157]
WARNING: [Synth 8-312] ignoring unsynthesizable construct: assertion statement [c:/Users/leclair.m.NUNET/Downloads/lab7completed/lab7completed/lab7completed.srcs/sources_1/ip/instr_mem/dist_mem_gen_v8_0/hdl/dist_mem_gen_v8_0_vhsyn_rfs.vhd:3165]
WARNING: [Synth 8-312] ignoring unsynthesizable construct: assertion statement [c:/Users/leclair.m.NUNET/Downloads/lab7completed/lab7completed/lab7completed.srcs/sources_1/ip/instr_mem/dist_mem_gen_v8_0/hdl/dist_mem_gen_v8_0_vhsyn_rfs.vhd:3170]
WARNING: [Synth 8-312] ignoring unsynthesizable construct: assertion statement [c:/Users/leclair.m.NUNET/Downloads/lab7completed/lab7completed/lab7completed.srcs/sources_1/ip/instr_mem/dist_mem_gen_v8_0/hdl/dist_mem_gen_v8_0_vhsyn_rfs.vhd:3179]
WARNING: [Synth 8-312] ignoring unsynthesizable construct: assertion statement [c:/Users/leclair.m.NUNET/Downloads/lab7completed/lab7completed/lab7completed.srcs/sources_1/ip/instr_mem/dist_mem_gen_v8_0/hdl/dist_mem_gen_v8_0_vhsyn_rfs.vhd:3184]
WARNING: [Synth 8-312] ignoring unsynthesizable construct: assertion statement [c:/Users/leclair.m.NUNET/Downloads/lab7completed/lab7completed/lab7completed.srcs/sources_1/ip/instr_mem/dist_mem_gen_v8_0/hdl/dist_mem_gen_v8_0_vhsyn_rfs.vhd:3189]
WARNING: [Synth 8-312] ignoring unsynthesizable construct: assertion statement [c:/Users/leclair.m.NUNET/Downloads/lab7completed/lab7completed/lab7completed.srcs/sources_1/ip/instr_mem/dist_mem_gen_v8_0/hdl/dist_mem_gen_v8_0_vhsyn_rfs.vhd:3194]
WARNING: [Synth 8-312] ignoring unsynthesizable construct: assertion statement [c:/Users/leclair.m.NUNET/Downloads/lab7completed/lab7completed/lab7completed.srcs/sources_1/ip/instr_mem/dist_mem_gen_v8_0/hdl/dist_mem_gen_v8_0_vhsyn_rfs.vhd:3199]
WARNING: [Synth 8-3848] Net dpo in module/entity dist_mem_gen_v8_0_synth does not have driver. [c:/Users/leclair.m.NUNET/Downloads/lab7completed/lab7completed/lab7completed.srcs/sources_1/ip/instr_mem/dist_mem_gen_v8_0/hdl/dist_mem_gen_v8_0_vhsyn_rfs.vhd:2859]
WARNING: [Synth 8-3848] Net qdpo in module/entity dist_mem_gen_v8_0_synth does not have driver. [c:/Users/leclair.m.NUNET/Downloads/lab7completed/lab7completed/lab7completed.srcs/sources_1/ip/instr_mem/dist_mem_gen_v8_0/hdl/dist_mem_gen_v8_0_vhsyn_rfs.vhd:2861]
INFO: [Synth 8-256] done synthesizing module 'dist_mem_gen_v8_0_synth' (2#1) [c:/Users/leclair.m.NUNET/Downloads/lab7completed/lab7completed/lab7completed.srcs/sources_1/ip/instr_mem/dist_mem_gen_v8_0/hdl/dist_mem_gen_v8_0_vhsyn_rfs.vhd:2867]
WARNING: [Synth 8-3848] Net gnd_bus in module/entity dist_mem_gen_v8_0 does not have driver. [c:/Users/leclair.m.NUNET/Downloads/lab7completed/lab7completed/lab7completed.srcs/sources_1/ip/instr_mem/dist_mem_gen_v8_0/hdl/dist_mem_gen_v8_0.vhd:214]
WARNING: [Synth 8-3848] Net gnd in module/entity dist_mem_gen_v8_0 does not have driver. [c:/Users/leclair.m.NUNET/Downloads/lab7completed/lab7completed/lab7completed.srcs/sources_1/ip/instr_mem/dist_mem_gen_v8_0/hdl/dist_mem_gen_v8_0.vhd:213]
WARNING: [Synth 8-3848] Net vcc in module/entity dist_mem_gen_v8_0 does not have driver. [c:/Users/leclair.m.NUNET/Downloads/lab7completed/lab7completed/lab7completed.srcs/sources_1/ip/instr_mem/dist_mem_gen_v8_0/hdl/dist_mem_gen_v8_0.vhd:215]
INFO: [Synth 8-256] done synthesizing module 'dist_mem_gen_v8_0' (3#1) [c:/Users/leclair.m.NUNET/Downloads/lab7completed/lab7completed/lab7completed.srcs/sources_1/ip/instr_mem/dist_mem_gen_v8_0/hdl/dist_mem_gen_v8_0.vhd:186]
INFO: [Synth 8-256] done synthesizing module 'instr_mem' (4#1) [c:/Users/leclair.m.NUNET/Downloads/lab7completed/lab7completed/lab7completed.srcs/sources_1/ip/instr_mem/synth/instr_mem.vhd:66]
---------------------------------------------------------------------------------
Finished RTL Elaboration : Time (s): cpu = 00:00:06 ; elapsed = 00:00:06 . Memory (MB): peak = 311.512 ; gain = 130.125
---------------------------------------------------------------------------------

Report Check Netlist: 
+------+------------------+-------+---------+-------+------------------+
|      |Item              |Errors |Warnings |Status |Description       |
+------+------------------+-------+---------+-------+------------------+
|1     |multi_driven_nets |      0|        0|Passed |Multi driven nets |
+------+------------------+-------+---------+-------+------------------+
WARNING: [Synth 8-3295] tying undriven pin \synth_options.dist_mem_inst :d[15] to constant 0 [c:/Users/leclair.m.NUNET/Downloads/lab7completed/lab7completed/lab7completed.srcs/sources_1/ip/instr_mem/dist_mem_gen_v8_0/hdl/dist_mem_gen_v8_0.vhd:222]
WARNING: [Synth 8-3295] tying undriven pin \synth_options.dist_mem_inst :d[14] to constant 0 [c:/Users/leclair.m.NUNET/Downloads/lab7completed/lab7completed/lab7completed.srcs/sources_1/ip/instr_mem/dist_mem_gen_v8_0/hdl/dist_mem_gen_v8_0.vhd:222]
WARNING: [Synth 8-3295] tying undriven pin \synth_options.dist_mem_inst :d[13] to constant 0 [c:/Users/leclair.m.NUNET/Downloads/lab7completed/lab7completed/lab7completed.srcs/sources_1/ip/instr_mem/dist_mem_gen_v8_0/hdl/dist_mem_gen_v8_0.vhd:222]
WARNING: [Synth 8-3295] tying undriven pin \synth_options.dist_mem_inst :d[12] to constant 0 [c:/Users/leclair.m.NUNET/Downloads/lab7completed/lab7completed/lab7completed.srcs/sources_1/ip/instr_mem/dist_mem_gen_v8_0/hdl/dist_mem_gen_v8_0.vhd:222]
WARNING: [Synth 8-3295] tying undriven pin \synth_options.dist_mem_inst :d[11] to constant 0 [c:/Users/leclair.m.NUNET/Downloads/lab7completed/lab7completed/lab7completed.srcs/sources_1/ip/instr_mem/dist_mem_gen_v8_0/hdl/dist_mem_gen_v8_0.vhd:222]
WARNING: [Synth 8-3295] tying undriven pin \synth_options.dist_mem_inst :d[10] to constant 0 [c:/Users/leclair.m.NUNET/Downloads/lab7completed/lab7completed/lab7completed.srcs/sources_1/ip/instr_mem/dist_mem_gen_v8_0/hdl/dist_mem_gen_v8_0.vhd:222]
WARNING: [Synth 8-3295] tying undriven pin \synth_options.dist_mem_inst :d[9] to constant 0 [c:/Users/leclair.m.NUNET/Downloads/lab7completed/lab7completed/lab7completed.srcs/sources_1/ip/instr_mem/dist_mem_gen_v8_0/hdl/dist_mem_gen_v8_0.vhd:222]
WARNING: [Synth 8-3295] tying undriven pin \synth_options.dist_mem_inst :d[8] to constant 0 [c:/Users/leclair.m.NUNET/Downloads/lab7completed/lab7completed/lab7completed.srcs/sources_1/ip/instr_mem/dist_mem_gen_v8_0/hdl/dist_mem_gen_v8_0.vhd:222]
WARNING: [Synth 8-3295] tying undriven pin \synth_options.dist_mem_inst :d[7] to constant 0 [c:/Users/leclair.m.NUNET/Downloads/lab7completed/lab7completed/lab7completed.srcs/sources_1/ip/instr_mem/dist_mem_gen_v8_0/hdl/dist_mem_gen_v8_0.vhd:222]
WARNING: [Synth 8-3295] tying undriven pin \synth_options.dist_mem_inst :d[6] to constant 0 [c:/Users/leclair.m.NUNET/Downloads/lab7completed/lab7completed/lab7completed.srcs/sources_1/ip/instr_mem/dist_mem_gen_v8_0/hdl/dist_mem_gen_v8_0.vhd:222]
WARNING: [Synth 8-3295] tying undriven pin \synth_options.dist_mem_inst :d[5] to constant 0 [c:/Users/leclair.m.NUNET/Downloads/lab7completed/lab7completed/lab7completed.srcs/sources_1/ip/instr_mem/dist_mem_gen_v8_0/hdl/dist_mem_gen_v8_0.vhd:222]
WARNING: [Synth 8-3295] tying undriven pin \synth_options.dist_mem_inst :d[4] to constant 0 [c:/Users/leclair.m.NUNET/Downloads/lab7completed/lab7completed/lab7completed.srcs/sources_1/ip/instr_mem/dist_mem_gen_v8_0/hdl/dist_mem_gen_v8_0.vhd:222]
WARNING: [Synth 8-3295] tying undriven pin \synth_options.dist_mem_inst :d[3] to constant 0 [c:/Users/leclair.m.NUNET/Downloads/lab7completed/lab7completed/lab7completed.srcs/sources_1/ip/instr_mem/dist_mem_gen_v8_0/hdl/dist_mem_gen_v8_0.vhd:222]
WARNING: [Synth 8-3295] tying undriven pin \synth_options.dist_mem_inst :d[2] to constant 0 [c:/Users/leclair.m.NUNET/Downloads/lab7completed/lab7completed/lab7completed.srcs/sources_1/ip/instr_mem/dist_mem_gen_v8_0/hdl/dist_mem_gen_v8_0.vhd:222]
WARNING: [Synth 8-3295] tying undriven pin \synth_options.dist_mem_inst :d[1] to constant 0 [c:/Users/leclair.m.NUNET/Downloads/lab7completed/lab7completed/lab7completed.srcs/sources_1/ip/instr_mem/dist_mem_gen_v8_0/hdl/dist_mem_gen_v8_0.vhd:222]
WARNING: [Synth 8-3295] tying undriven pin \synth_options.dist_mem_inst :d[0] to constant 0 [c:/Users/leclair.m.NUNET/Downloads/lab7completed/lab7completed/lab7completed.srcs/sources_1/ip/instr_mem/dist_mem_gen_v8_0/hdl/dist_mem_gen_v8_0.vhd:222]
WARNING: [Synth 8-3295] tying undriven pin \synth_options.dist_mem_inst :dpra[7] to constant 0 [c:/Users/leclair.m.NUNET/Downloads/lab7completed/lab7completed/lab7completed.srcs/sources_1/ip/instr_mem/dist_mem_gen_v8_0/hdl/dist_mem_gen_v8_0.vhd:222]
WARNING: [Synth 8-3295] tying undriven pin \synth_options.dist_mem_inst :dpra[6] to constant 0 [c:/Users/leclair.m.NUNET/Downloads/lab7completed/lab7completed/lab7completed.srcs/sources_1/ip/instr_mem/dist_mem_gen_v8_0/hdl/dist_mem_gen_v8_0.vhd:222]
WARNING: [Synth 8-3295] tying undriven pin \synth_options.dist_mem_inst :dpra[5] to constant 0 [c:/Users/leclair.m.NUNET/Downloads/lab7completed/lab7completed/lab7completed.srcs/sources_1/ip/instr_mem/dist_mem_gen_v8_0/hdl/dist_mem_gen_v8_0.vhd:222]
WARNING: [Synth 8-3295] tying undriven pin \synth_options.dist_mem_inst :dpra[4] to constant 0 [c:/Users/leclair.m.NUNET/Downloads/lab7completed/lab7completed/lab7completed.srcs/sources_1/ip/instr_mem/dist_mem_gen_v8_0/hdl/dist_mem_gen_v8_0.vhd:222]
WARNING: [Synth 8-3295] tying undriven pin \synth_options.dist_mem_inst :dpra[3] to constant 0 [c:/Users/leclair.m.NUNET/Downloads/lab7completed/lab7completed/lab7completed.srcs/sources_1/ip/instr_mem/dist_mem_gen_v8_0/hdl/dist_mem_gen_v8_0.vhd:222]
WARNING: [Synth 8-3295] tying undriven pin \synth_options.dist_mem_inst :dpra[2] to constant 0 [c:/Users/leclair.m.NUNET/Downloads/lab7completed/lab7completed/lab7completed.srcs/sources_1/ip/instr_mem/dist_mem_gen_v8_0/hdl/dist_mem_gen_v8_0.vhd:222]
WARNING: [Synth 8-3295] tying undriven pin \synth_options.dist_mem_inst :dpra[1] to constant 0 [c:/Users/leclair.m.NUNET/Downloads/lab7completed/lab7completed/lab7completed.srcs/sources_1/ip/instr_mem/dist_mem_gen_v8_0/hdl/dist_mem_gen_v8_0.vhd:222]
WARNING: [Synth 8-3295] tying undriven pin \synth_options.dist_mem_inst :dpra[0] to constant 0 [c:/Users/leclair.m.NUNET/Downloads/lab7completed/lab7completed/lab7completed.srcs/sources_1/ip/instr_mem/dist_mem_gen_v8_0/hdl/dist_mem_gen_v8_0.vhd:222]
WARNING: [Synth 8-3295] tying undriven pin \synth_options.dist_mem_inst :clk to constant 0 [c:/Users/leclair.m.NUNET/Downloads/lab7completed/lab7completed/lab7completed.srcs/sources_1/ip/instr_mem/dist_mem_gen_v8_0/hdl/dist_mem_gen_v8_0.vhd:222]
WARNING: [Synth 8-3295] tying undriven pin \synth_options.dist_mem_inst :we to constant 0 [c:/Users/leclair.m.NUNET/Downloads/lab7completed/lab7completed/lab7completed.srcs/sources_1/ip/instr_mem/dist_mem_gen_v8_0/hdl/dist_mem_gen_v8_0.vhd:222]
WARNING: [Synth 8-3295] tying undriven pin \synth_options.dist_mem_inst :i_ce to constant 0 [c:/Users/leclair.m.NUNET/Downloads/lab7completed/lab7completed/lab7completed.srcs/sources_1/ip/instr_mem/dist_mem_gen_v8_0/hdl/dist_mem_gen_v8_0.vhd:222]
WARNING: [Synth 8-3295] tying undriven pin \synth_options.dist_mem_inst :qspo_ce to constant 0 [c:/Users/leclair.m.NUNET/Downloads/lab7completed/lab7completed/lab7completed.srcs/sources_1/ip/instr_mem/dist_mem_gen_v8_0/hdl/dist_mem_gen_v8_0.vhd:222]
WARNING: [Synth 8-3295] tying undriven pin \synth_options.dist_mem_inst :qdpo_ce to constant 0 [c:/Users/leclair.m.NUNET/Downloads/lab7completed/lab7completed/lab7completed.srcs/sources_1/ip/instr_mem/dist_mem_gen_v8_0/hdl/dist_mem_gen_v8_0.vhd:222]
WARNING: [Synth 8-3295] tying undriven pin \synth_options.dist_mem_inst :qdpo_clk to constant 0 [c:/Users/leclair.m.NUNET/Downloads/lab7completed/lab7completed/lab7completed.srcs/sources_1/ip/instr_mem/dist_mem_gen_v8_0/hdl/dist_mem_gen_v8_0.vhd:222]
WARNING: [Synth 8-3295] tying undriven pin \synth_options.dist_mem_inst :qspo_rst to constant 0 [c:/Users/leclair.m.NUNET/Downloads/lab7completed/lab7completed/lab7completed.srcs/sources_1/ip/instr_mem/dist_mem_gen_v8_0/hdl/dist_mem_gen_v8_0.vhd:222]
WARNING: [Synth 8-3295] tying undriven pin \synth_options.dist_mem_inst :qdpo_rst to constant 0 [c:/Users/leclair.m.NUNET/Downloads/lab7completed/lab7completed/lab7completed.srcs/sources_1/ip/instr_mem/dist_mem_gen_v8_0/hdl/dist_mem_gen_v8_0.vhd:222]
WARNING: [Synth 8-3295] tying undriven pin \synth_options.dist_mem_inst :qspo_srst to constant 0 [c:/Users/leclair.m.NUNET/Downloads/lab7completed/lab7completed/lab7completed.srcs/sources_1/ip/instr_mem/dist_mem_gen_v8_0/hdl/dist_mem_gen_v8_0.vhd:222]
WARNING: [Synth 8-3295] tying undriven pin \synth_options.dist_mem_inst :qdpo_srst to constant 0 [c:/Users/leclair.m.NUNET/Downloads/lab7completed/lab7completed/lab7completed.srcs/sources_1/ip/instr_mem/dist_mem_gen_v8_0/hdl/dist_mem_gen_v8_0.vhd:222]
---------------------------------------------------------------------------------
Finished RTL Optimization Phase 1 : Time (s): cpu = 00:00:06 ; elapsed = 00:00:06 . Memory (MB): peak = 311.512 ; gain = 130.125
---------------------------------------------------------------------------------
INFO: [Device 21-403] Loading part xc7z020clg484-1
INFO: [Project 1-570] Preparing netlist for logic optimization

Processing XDC Constraints
Initializing timing engine
Parsing XDC File [c:/Users/leclair.m.NUNET/Downloads/lab7completed/lab7completed/lab7completed.srcs/sources_1/ip/instr_mem/instr_mem_ooc.xdc] for cell 'U0'
Finished Parsing XDC File [c:/Users/leclair.m.NUNET/Downloads/lab7completed/lab7completed/lab7completed.srcs/sources_1/ip/instr_mem/instr_mem_ooc.xdc] for cell 'U0'
Parsing XDC File [C:/Users/leclair.m.NUNET/Downloads/lab7completed/lab7completed/lab7completed.runs/instr_mem_synth_1/dont_touch.xdc]
Finished Parsing XDC File [C:/Users/leclair.m.NUNET/Downloads/lab7completed/lab7completed/lab7completed.runs/instr_mem_synth_1/dont_touch.xdc]
Completed Processing XDC Constraints

INFO: [Project 1-111] Unisim Transformation Summary:
No Unisim elements were transformed.

Constraint Validation Runtime : Time (s): cpu = 00:00:00 ; elapsed = 00:00:00.002 . Memory (MB): peak = 543.766 ; gain = 0.000
---------------------------------------------------------------------------------
Finished Constraint Validation : Time (s): cpu = 00:00:11 ; elapsed = 00:00:12 . Memory (MB): peak = 543.766 ; gain = 362.379
---------------------------------------------------------------------------------
---------------------------------------------------------------------------------
Start Loading Part and Timing Information
---------------------------------------------------------------------------------
Loading part: xc7z020clg484-1
---------------------------------------------------------------------------------
Finished Loading Part and Timing Information : Time (s): cpu = 00:00:11 ; elapsed = 00:00:12 . Memory (MB): peak = 543.766 ; gain = 362.379
---------------------------------------------------------------------------------
---------------------------------------------------------------------------------
Start Applying 'set_property' XDC Constraints
---------------------------------------------------------------------------------
Applied set_property DONT_TOUCH = true for U0. (constraint file  C:/Users/leclair.m.NUNET/Downloads/lab7completed/lab7completed/lab7completed.runs/instr_mem_synth_1/dont_touch.xdc, line 9).
---------------------------------------------------------------------------------
Finished applying 'set_property' XDC Constraints : Time (s): cpu = 00:00:11 ; elapsed = 00:00:12 . Memory (MB): peak = 543.766 ; gain = 362.379
---------------------------------------------------------------------------------
---------------------------------------------------------------------------------
Finished RTL Optimization Phase 2 : Time (s): cpu = 00:00:11 ; elapsed = 00:00:12 . Memory (MB): peak = 543.766 ; gain = 362.379
---------------------------------------------------------------------------------

Report RTL Partitions: 
+-+--------------+------------+----------+
| |RTL Partition |Replication |Instances |
+-+--------------+------------+----------+
+-+--------------+------------+----------+
---------------------------------------------------------------------------------
Start RTL Component Statistics 
---------------------------------------------------------------------------------
Detailed RTL Component Info : 
---------------------------------------------------------------------------------
Finished RTL Component Statistics 
---------------------------------------------------------------------------------
---------------------------------------------------------------------------------
Start RTL Hierarchical Component Statistics 
---------------------------------------------------------------------------------
Hierarchical RTL Component report 
---------------------------------------------------------------------------------
Finished RTL Hierarchical Component Statistics
---------------------------------------------------------------------------------
---------------------------------------------------------------------------------
Start Part Resource Summary
---------------------------------------------------------------------------------
Part Resources:
DSPs: 220 (col length:60)
BRAMs: 280 (col length: RAMB18 60 RAMB36 30)
---------------------------------------------------------------------------------
Finished Part Resource Summary
---------------------------------------------------------------------------------
Start Parallel Synthesis Optimization  : Time (s): cpu = 00:00:11 ; elapsed = 00:00:12 . Memory (MB): peak = 543.766 ; gain = 362.379
---------------------------------------------------------------------------------
Start Cross Boundary Optimization
---------------------------------------------------------------------------------
---------------------------------------------------------------------------------
Finished Cross Boundary Optimization : Time (s): cpu = 00:00:12 ; elapsed = 00:00:12 . Memory (MB): peak = 558.539 ; gain = 377.152
---------------------------------------------------------------------------------
Finished Parallel Reinference  : Time (s): cpu = 00:00:12 ; elapsed = 00:00:12 . Memory (MB): peak = 558.539 ; gain = 377.152

Report RTL Partitions: 
+-+--------------+------------+----------+
| |RTL Partition |Replication |Instances |
+-+--------------+------------+----------+
+-+--------------+------------+----------+
---------------------------------------------------------------------------------
Start ROM, RAM, DSP and Shift Register Reporting
---------------------------------------------------------------------------------

ROM:
+------------------+------------+---------------+----------------+
|Module Name       | RTL Object | Depth x Width | Implemented As | 
+------------------+------------+---------------+----------------+
|rom               | rom__1     | 256x16        | LUT            | 
|dist_mem_gen_v8_0 | rom        | 256x16        | LUT            | 
+------------------+------------+---------------+----------------+

---------------------------------------------------------------------------------
Finished ROM, RAM, DSP and Shift Register Reporting
---------------------------------------------------------------------------------
---------------------------------------------------------------------------------
Start Area Optimization
---------------------------------------------------------------------------------
---------------------------------------------------------------------------------
Finished Area Optimization : Time (s): cpu = 00:00:12 ; elapsed = 00:00:13 . Memory (MB): peak = 558.539 ; gain = 377.152
---------------------------------------------------------------------------------
Finished Parallel Area Optimization  : Time (s): cpu = 00:00:12 ; elapsed = 00:00:13 . Memory (MB): peak = 558.539 ; gain = 377.152

Report RTL Partitions: 
+-+--------------+------------+----------+
| |RTL Partition |Replication |Instances |
+-+--------------+------------+----------+
+-+--------------+------------+----------+
Finished Parallel Synthesis Optimization  : Time (s): cpu = 00:00:12 ; elapsed = 00:00:13 . Memory (MB): peak = 558.539 ; gain = 377.152
---------------------------------------------------------------------------------
Start Timing Optimization
---------------------------------------------------------------------------------
---------------------------------------------------------------------------------
Start Applying XDC Timing Constraints
---------------------------------------------------------------------------------
---------------------------------------------------------------------------------
Finished Applying XDC Timing Constraints : Time (s): cpu = 00:00:20 ; elapsed = 00:00:21 . Memory (MB): peak = 588.121 ; gain = 406.734
---------------------------------------------------------------------------------
---------------------------------------------------------------------------------
Finished Timing Optimization : Time (s): cpu = 00:00:20 ; elapsed = 00:00:21 . Memory (MB): peak = 588.121 ; gain = 406.734
---------------------------------------------------------------------------------

Report RTL Partitions: 
+-+--------------+------------+----------+
| |RTL Partition |Replication |Instances |
+-+--------------+------------+----------+
+-+--------------+------------+----------+
---------------------------------------------------------------------------------
Start Technology Mapping
---------------------------------------------------------------------------------
---------------------------------------------------------------------------------
Finished Technology Mapping : Time (s): cpu = 00:00:20 ; elapsed = 00:00:21 . Memory (MB): peak = 600.660 ; gain = 419.273
---------------------------------------------------------------------------------

Report RTL Partitions: 
+-+--------------+------------+----------+
| |RTL Partition |Replication |Instances |
+-+--------------+------------+----------+
+-+--------------+------------+----------+
---------------------------------------------------------------------------------
Start IO Insertion
---------------------------------------------------------------------------------
---------------------------------------------------------------------------------
Start Final Netlist Cleanup
---------------------------------------------------------------------------------
---------------------------------------------------------------------------------
Finished Final Netlist Cleanup
---------------------------------------------------------------------------------
---------------------------------------------------------------------------------
Finished IO Insertion : Time (s): cpu = 00:00:21 ; elapsed = 00:00:22 . Memory (MB): peak = 600.660 ; gain = 419.273
---------------------------------------------------------------------------------

Report Check Netlist: 
+------+------------------+-------+---------+-------+------------------+
|      |Item              |Errors |Warnings |Status |Description       |
+------+------------------+-------+---------+-------+------------------+
|1     |multi_driven_nets |      0|        0|Passed |Multi driven nets |
+------+------------------+-------+---------+-------+------------------+
---------------------------------------------------------------------------------
Start Renaming Generated Instances
---------------------------------------------------------------------------------
---------------------------------------------------------------------------------
Finished Renaming Generated Instances : Time (s): cpu = 00:00:21 ; elapsed = 00:00:22 . Memory (MB): peak = 600.660 ; gain = 419.273
---------------------------------------------------------------------------------

Report RTL Partitions: 
+-+--------------+------------+----------+
| |RTL Partition |Replication |Instances |
+-+--------------+------------+----------+
+-+--------------+------------+----------+
---------------------------------------------------------------------------------
Start Rebuilding User Hierarchy
---------------------------------------------------------------------------------
---------------------------------------------------------------------------------
Finished Rebuilding User Hierarchy : Time (s): cpu = 00:00:21 ; elapsed = 00:00:22 . Memory (MB): peak = 600.660 ; gain = 419.273
---------------------------------------------------------------------------------
---------------------------------------------------------------------------------
Start Renaming Generated Ports : Time (s): cpu = 00:00:21 ; elapsed = 00:00:22 . Memory (MB): peak = 600.660 ; gain = 419.273
---------------------------------------------------------------------------------
---------------------------------------------------------------------------------
Finished Renaming Generated Ports : Time (s): cpu = 00:00:21 ; elapsed = 00:00:22 . Memory (MB): peak = 600.660 ; gain = 419.273
---------------------------------------------------------------------------------
---------------------------------------------------------------------------------
Start Writing Synthesis Report
---------------------------------------------------------------------------------

Report BlackBoxes: 
+-+--------------+----------+
| |BlackBox name |Instances |
+-+--------------+----------+
+-+--------------+----------+

Report Cell Usage: 
+------+-----+------+
|      |Cell |Count |
+------+-----+------+
|1     |LUT3 |    13|
|2     |LUT4 |     2|
|3     |LUT5 |     2|
|4     |LUT6 |    15|
+------+-----+------+

Report Instance Areas: 
+------+---------+------------------+------+
|      |Instance |Module            |Cells |
+------+---------+------------------+------+
|1     |top      |                  |    32|
|2     |  U0     |dist_mem_gen_v8_0 |    32|
+------+---------+------------------+------+
---------------------------------------------------------------------------------
Finished Writing Synthesis Report : Time (s): cpu = 00:00:21 ; elapsed = 00:00:22 . Memory (MB): peak = 600.660 ; gain = 419.273
---------------------------------------------------------------------------------
Synthesis finished with 0 errors, 0 critical warnings and 0 warnings.
Synthesis Optimization Runtime : Time (s): cpu = 00:00:12 ; elapsed = 00:00:16 . Memory (MB): peak = 600.660 ; gain = 140.184
Synthesis Optimization Complete : Time (s): cpu = 00:00:21 ; elapsed = 00:00:22 . Memory (MB): peak = 600.660 ; gain = 419.273
INFO: [Project 1-571] Translating synthesized netlist
INFO: [Project 1-570] Preparing netlist for logic optimization
Parsing XDC File [c:/Users/leclair.m.NUNET/Downloads/lab7completed/lab7completed/lab7completed.srcs/sources_1/ip/instr_mem/instr_mem_ooc.xdc] for cell 'U0'
Finished Parsing XDC File [c:/Users/leclair.m.NUNET/Downloads/lab7completed/lab7completed/lab7completed.srcs/sources_1/ip/instr_mem/instr_mem_ooc.xdc] for cell 'U0'
INFO: [Opt 31-138] Pushed 0 inverter(s) to 0 load pin(s).
INFO: [Project 1-111] Unisim Transformation Summary:
No Unisim elements were transformed.

INFO: [Common 17-83] Releasing license: Synthesis
23 Infos, 73 Warnings, 0 Critical Warnings and 0 Errors encountered.
synth_design completed successfully
synth_design: Time (s): cpu = 00:00:20 ; elapsed = 00:00:21 . Memory (MB): peak = 600.660 ; gain = 372.438
report_utilization: Time (s): cpu = 00:00:00 ; elapsed = 00:00:00.025 . Memory (MB): peak = 600.660 ; gain = 0.000
INFO: [Common 17-206] Exiting Vivado at Tue Apr 11 09:56:14 2017...
